#
# A fatal error has been detected by the Java Runtime Environment:
#
#  EXCEPTION_ACCESS_VIOLATION (0xc0000005) at pc=0x00007ffefd3c26c4, pid=39268, tid=78860
#
# JRE version: OpenJDK Runtime Environment (25.0.2+10) (build 25.0.2+10-69)
# Java VM: OpenJDK 64-Bit Server VM (25.0.2+10-69, mixed mode, sharing, tiered, compressed oops, compressed class ptrs, g1 gc, windows-amd64)
# Problematic frame:
# C  [libasyncProfiler.dll+0x926c4]
#
# No core dump will be written. Minidumps are not enabled by default on client versions of Windows
#
# JFR recording file will be written. Location: E:\api-string\hs_err_pid39268.jfr
#
# If you would like to submit a bug report, please visit:
#   https://bugreport.java.com/bugreport/crash.jsp
# The crash happened outside the Java Virtual Machine in native code.
# See problematic frame for where to report the bug.
#

---------------  S U M M A R Y ------------

Command Line: -javaagent:D:\IDEA\IntelliJ IDEA 2025.1.1.1\lib\idea_rt.jar=52603 -agentpath:C:\Users\202507018\AppData\Local\Temp\idea_libasyncProfiler_dll_temp_folder2\libasyncProfiler.dll=start,jfr,event=wall,interval=10ms,jfrsync=profile,cstack=no,file=C:\Users\202507018\IdeaSnapshots\Test1_2026_03_09_142320.jfr,dbghelppath=C:\Users\202507018\AppData\Local\Temp\idea_dbghelp_dll_temp_folder\dbghelp.dll,log=C:\Users\202507018\AppData\Local\Temp\Test1_2026_03_09_142320.jfr.log.txt,logLevel=DEBUG -Dfile.encoding=UTF-8 -Dsun.stdout.encoding=UTF-8 -Dsun.stderr.encoding=UTF-8 com.liaoying.a05stringdemo.Test1

Host: 13th Gen Intel(R) Core(TM) i5-13420H, 12 cores, 15G,  Windows 11 , 64 bit Build 26100 (10.0.26100.6725)
Time: Mon Mar  9 14:23:21 2026 elapsed time: 0.760710 seconds (0d 0h 0m 0s)

---------------  T H R E A D  ---------------

Current thread (0x000001651e3ee160):  JavaThread "main"             [_thread_in_native, id=78860, stack(0x0000000534d00000,0x0000000534e00000) (1024K)]

Stack: [0x0000000534d00000,0x0000000534e00000],  sp=0x0000000534dfea00,  free space=1018k
Native frames: (J=compiled Java code, j=interpreted, Vv=VM code, C=native code)
C  [libasyncProfiler.dll+0x926c4]  (no source info available)
C  [libasyncProfiler.dll+0x92b9b]  (no source info available)
C  [libasyncProfiler.dll+0x917f4]  (no source info available)
C  [libasyncProfiler.dll+0x9206a]  (no source info available)
C  [libasyncProfiler.dll+0x8cc21]  (no source info available)
C  [libasyncProfiler.dll+0x7e5e1]  (no source info available)
C  [libasyncProfiler.dll+0x7d2f8]  (no source info available)
C  [libasyncProfiler.dll+0x7d1e0]  (no source info available)
C  [libasyncProfiler.dll+0x832fc]  (no source info available)
V  [jvm.dll+0x64b1ae]  (no source info available)
V  [jvm.dll+0x910f3d]  (no source info available)
V  [jvm.dll+0x4f9331]  (no source info available)
V  [jvm.dll+0x4fabc1]  (no source info available)
C  [jli.dll+0x543e]  (no source info available)
C  [ucrtbase.dll+0x37b0]  (no source info available)
C  [KERNEL32.DLL+0x2e8d7]  (no source info available)
C  [ntdll.dll+0x8c53c]  (no source info available)


siginfo: EXCEPTION_ACCESS_VIOLATION (0xc0000005), reading address 0xffffffffffffffff


Registers:
RAX=0x0000000000000010, RBX=0x0000000000000000, RCX=0xffffffffffffffff, RDX=0x007ffebb8664e010
RSP=0x0000000534dfea00, RBP=0x0000016545007d88, RSI=0x0000000534dfeb70, RDI=0x0000016545007d88
R8 =0x0000000000000042, R9 =0x0000000713e01eb8, R10=0x00007ffebbaef480, R11=0x0000000000000002
R12=0x0000000534dfeb70, R13=0x000001651e31fa40, R14=0x000001651e3ee5a8, R15=0x000001651e3ee5a8
RIP=0x00007ffefd3c26c4, EFLAGS=0x0000000000010202

XMM[0]=0x0000000000000000 0x0000000000000000
XMM[1]=0x0000000000000000 0x0000000000000000
XMM[2]=0x0000000000000000 0x0000000000000000
XMM[3]=0x0000000000000000 0x0000000000000000
XMM[4]=0x0000000000000000 0x0000000000000000
XMM[5]=0x0000000000000000 0x0000000000000000
XMM[6]=0x0000000000000000 0x0000000000000000
XMM[7]=0x0000000000000000 0x0000000000000000
XMM[8]=0x0000000000000000 0x0000000000000000
XMM[9]=0x0000000000000000 0x0000000000000000
XMM[10]=0x0000000000000000 0x0000000000000000
XMM[11]=0x0000000000000000 0x0000000000000000
XMM[12]=0x0000000000000000 0x0000000000000000
XMM[13]=0x0000000000000000 0x0000000000000000
XMM[14]=0x0000000000000000 0x0000000000000000
XMM[15]=0x0000000000000000 0x0000000000000000
  MXCSR=0x00001fa0


Register to memory mapping:

RAX=0x0000000000000010 is an unknown value
RBX=0x0 is null
RCX=0xffffffffffffffff is an unknown value
RDX=0x007ffebb8664e010 is an unknown value
RSP=0x0000000534dfea00 is pointing into the stack for thread: 0x000001651e3ee160
RBP=0x0000016545007d88 points into unknown readable memory: 0x0000000713e01eb8 | b8 1e e0 13 07 00 00 00
RSI=0x0000000534dfeb70 is pointing into the stack for thread: 0x000001651e3ee160
RDI=0x0000016545007d88 points into unknown readable memory: 0x0000000713e01eb8 | b8 1e e0 13 07 00 00 00
R8 =0x0000000000000042 is an unknown value
R9 =0x0000000713e01eb8 is an oop: java.lang.Thread 
{0x0000000713e01eb8} - klass: 'java/lang/Thread' - flags: 

 - ---- fields (total size 14 words):
 - 'threadLocalRandomProbe' 'I' @12  0 (0x00000000)
 - private volatile 'eetop' 'J' @16  1533810762080 (0x000001651e3ee160)
 - private final 'tid' 'J' @24  3 (0x0000000000000003)
 - 'threadLocalRandomSeed' 'J' @32  0 (0x0000000000000000)
 - injected 'jvmti_thread_state' 'J' @40  1533846563312 (0x00000165206129f0)
 - 'threadLocalRandomSecondarySeed' 'I' @48  0 (0x00000000)
 - injected 'jvmti_VTMS_transition_disable_count' 'I' @52  0 (0x00000000)
 - injected 'jfr_epoch' 'S' @56  0 (0x0000)
 - volatile 'interrupted' 'Z' @58  false (0x00)
 - injected 'jvmti_is_in_VTMS_transition' 'Z' @59  false (0x00)
 - private volatile 'name' 'Ljava/lang/String;' @60  "main"{0x0000000713e01f28} (0xe27c03e5)
 - private volatile 'contextClassLoader' 'Ljava/lang/ClassLoader;' @64  a 'jdk/internal/loader/ClassLoaders$AppClassLoader'{0x0000000713e312a8} (0xe27c6255)
 - private final 'holder' 'Ljava/lang/Thread$FieldHolder;' @68  a 'java/lang/Thread$FieldHolder'{0x0000000713e01f68} (0xe27c03ed)
 - private 'threadLocals' 'Ljava/lang/ThreadLocal$ThreadLocalMap;' @72  null (0x00000000)
 - private 'inheritableThreadLocals' 'Ljava/lang/ThreadLocal$ThreadLocalMap;' @76  null (0x00000000)
 - private 'scopedValueBindings' 'Ljava/lang/Object;' @80  a 'java/lang/Class'{0x00000007ffe7f210} = 'java/lang/Thread' (0xfffcfe42)
 - final 'interruptLock' 'Ljava/lang/Object;' @84  a 'java/lang/Object'{0x0000000713e01f58} (0xe27c03eb)
 - private volatile 'parkBlocker' 'Ljava/lang/Object;' @88  null (0x00000000)
 - private 'nioBlocker' 'Lsun/nio/ch/Interruptible;' @92  null (0x00000000)
 - private 'cont' 'Ljdk/internal/vm/Continuation;' @96  null (0x00000000)
 - private volatile 'uncaughtExceptionHandler' 'Ljava/lang/Thread$UncaughtExceptionHandler;' @100  null (0x00000000)
 - private 'container' 'Ljdk/internal/vm/ThreadContainer;' @104  null (0x00000000)
 - private volatile 'headStackableScopes' 'Ljdk/internal/vm/StackableScope;' @108  null (0x00000000)
R10=0x00007ffebbaef480 jvm.dll
R11=0x0000000000000002 is an unknown value
R12=0x0000000534dfeb70 is pointing into the stack for thread: 0x000001651e3ee160
R13=0x000001651e31fa40 points into unknown readable memory: 0x00007ffebba5fc50 | 50 fc a5 bb fe 7f 00 00
R14=0x000001651e3ee5a8 points into unknown readable memory: 0x00007ffebba56ba0 | a0 6b a5 bb fe 7f 00 00
R15=0x000001651e3ee5a8 points into unknown readable memory: 0x00007ffebba56ba0 | a0 6b a5 bb fe 7f 00 00

Top of Stack: (sp=0x0000000534dfea00)
0x0000000534dfea00:   0000000534dfeb70 0000016545007d88   p..4.....}.Ee...
0x0000000534dfea10:   0000000000000000 00000165206ae9e8   ..........j e...
0x0000000534dfea20:   0000000000000019 00007ffefd3c2b9b   .........+<.....
0x0000000534dfea30:   0000000000000000 000001651e3ee5a8   ..........>.e...
0x0000000534dfea40:   0000000534dfeb01 0000000000000000   ...4............
0x0000000534dfea50:   000001654672abd0 00007ffefd3c17f4   ..rFe.....<.....
0x0000000534dfea60:   0000000000000000 0000000000000019   ................
0x0000000534dfea70:   0000000000000000 0000000000000019   ................
0x0000000534dfea80:   0000000900000002 0000016546739d50   ........P.sFe...
0x0000000534dfea90:   000001654672abd0 000001654672ac34   ..rFe...4.rFe...
0x0000000534dfeaa0:   000001654672ac40 000000000000c980   @.rFe...........
0x0000000534dfeab0:   0000000000000000 0000000000000000   ................
0x0000000534dfeac0:   0000000000000000 00007ffebb258434   ........4.%.....
0x0000000534dfead0:   00007ffefd504ca0 0000000000009964   .LP.....d.......
0x0000000534dfeae0:   00007ffefd504ca0 00000000ffffffff   .LP.............
0x0000000534dfeaf0:   0000000000000000 00007ffefd3c206a   ........j <.....
0x0000000534dfeb00:   000001651e3ee5a8 0000000000000000   ..>.e...........
0x0000000534dfeb10:   0000000534dfeb79 000001651e31fa40   y..4....@.1.e...
0x0000000534dfeb20:   00000165477ab040 000001651e2f0000   @.zGe...../.e...
0x0000000534dfeb30:   00000165477ab040 00007fff4e566389   @.zGe....cVN....
0x0000000534dfeb40:   000001651e3ee5a8 00007ffefd504ca0   ..>.e....LP.....
0x0000000534dfeb50:   00007ffefd4af0d8 00007ffefd4af0c8   ..J.......J.....
0x0000000534dfeb60:   0000000000000000 000001651e3ee5a8   ..........>.e...
0x0000000534dfeb70:   000001654514c020 000001654514c340    ..Ee...@..Ee...
0x0000000534dfeb80:   000001654514c340 00007ffefd504ca0   @..Ee....LP.....
0x0000000534dfeb90:   000001652060de88 0000000534dfed08   ..` e......4....
0x0000000534dfeba0:   0000000534dfee40 0000000000008840   @..4....@.......
0x0000000534dfebb0:   00007ffefd4f7080 00007ffefd504cf0   .pO......LP.....
0x0000000534dfebc0:   0000000000989680 0000000000989680   ................
0x0000000534dfebd0:   0000000534dfece0 00007ffefd3bcc21   ...4....!.;.....
0x0000000534dfebe0:   00007ffefd504ca0 00007ffefd504cf8   .LP......LP.....
0x0000000534dfebf0:   00007ffe00000000 003eebde00000001   ..............>.

Instructions: (pc=0x00007ffefd3c26c4)
  0x00007ffefd3c25c4:   cc cc cc cc cc cc cc cc cc cc cc cc cc cc cc cc
  0x00007ffefd3c25d4:   cc cc cc cc cc cc cc cc cc cc cc cc cc cc cc cc
  0x00007ffefd3c25e4:   cc cc cc cc cc cc cc cc cc cc cc cc cc cc cc cc
  0x00007ffefd3c25f4:   cc cc cc cc cc cc cc cc cc cc cc cc cc cc cc cc
  0x00007ffefd3c2604:   cc cc cc cc cc cc cc cc cc cc cc cc cc cc cc cc
  0x00007ffefd3c2614:   cc cc cc cc cc cc cc cc cc cc cc cc cc cc cc cc
  0x00007ffefd3c2624:   cc cc cc cc cc cc cc cc cc cc cc cc cc cc cc cc
  0x00007ffefd3c2634:   cc cc cc cc cc cc cc cc cc cc cc cc cc cc cc cc
  0x00007ffefd3c2644:   cc cc cc cc cc cc cc cc cc cc cc cc 40 57 48 83
  0x00007ffefd3c2654:   ec 20 48 8b f9 48 8b 0d 10 28 14 00 48 85 c9 74
  0x00007ffefd3c2664:   20 48 8b 01 48 8d 54 24 38 41 b8 06 00 01 00 4c
  0x00007ffefd3c2674:   8b 48 30 41 ff d1 85 c0 75 07 48 8b 4c 24 38 eb
  0x00007ffefd3c2684:   02 33 c9 4c 8b 05 ea 28 14 00 48 89 5c 24 30 4d
  0x00007ffefd3c2694:   85 c0 74 4a 48 8b 01 48 8b d7 4c 8b 88 28 03 00
  0x00007ffefd3c26a4:   00 41 ff d1 48 85 c0 74 35 48 63 0d f8 e6 13 00
  0x00007ffefd3c26b4:   48 8b 14 01 48 85 d2 74 15 48 63 05 fc e6 13 00
=>0x00007ffefd3c26c4:   8b 04 10 48 8b 5c 24 30 48 83 c4 20 5f c3 b8 ff
  0x00007ffefd3c26d4:   ff ff ff 48 8b 5c 24 30 48 83 c4 20 5f c3 80 3d
  0x00007ffefd3c26e4:   9b 27 14 00 00 bb ff ff ff ff 74 20 4c 8b 0d 31
  0x00007ffefd3c26f4:   24 14 00 4c 8d 44 24 38 48 8b 0d 15 24 14 00 48
  0x00007ffefd3c2704:   8b d7 41 ff d1 85 c0 0f 44 5c 24 38 8b c3 48 8b
  0x00007ffefd3c2714:   5c 24 30 48 83 c4 20 5f c3 cc cc cc cc cc cc cc
  0x00007ffefd3c2724:   cc cc cc cc cc cc cc cc cc cc cc cc cc cc cc cc
  0x00007ffefd3c2734:   cc cc cc cc cc cc cc cc cc cc cc cc cc cc cc cc
  0x00007ffefd3c2744:   cc cc cc cc cc cc cc cc cc cc cc cc 48 89 54 24
  0x00007ffefd3c2754:   10 53 55 56 57 41 56 41 57 48 83 ec 28 48 8b f2
  0x00007ffefd3c2764:   4c 8b f1 48 89 4c 24 78 45 33 ff 44 89 7c 24 68
  0x00007ffefd3c2774:   c7 44 24 60 01 00 00 00 48 8d 4c 24 68 e8 ed 42
  0x00007ffefd3c2784:   f7 ff 8b d8 48 8d 4c 24 60 e8 e1 42 f7 ff 8b e8
  0x00007ffefd3c2794:   49 8b ce e8 00 fc f6 ff 48 8b f8 90 8b c3 f0 0f
  0x00007ffefd3c27a4:   b1 2f 74 04 f3 90 eb f4 4c 89 3e 4c 89 7e 08 4c
  0x00007ffefd3c27b4:   89 7e 10 49 8b 6e 08 4d 8b 76 10 49 3b ee 0f 84


Stack slot to memory mapping:

stack at sp + 0 slots: 0x0000000534dfeb70 is pointing into the stack for thread: 0x000001651e3ee160
stack at sp + 1 slots: 0x0000016545007d88 points into unknown readable memory: 0x0000000713e01eb8 | b8 1e e0 13 07 00 00 00
stack at sp + 2 slots: 0x0 is null
stack at sp + 3 slots: 0x00000165206ae9e8 points into unknown readable memory: 0x6e616c2e6176616a | 6a 61 76 61 2e 6c 61 6e
stack at sp + 4 slots: 0x0000000000000019 is an unknown value
stack at sp + 5 slots: 0x00007ffefd3c2b9b libasyncProfiler.dll
stack at sp + 6 slots: 0x0 is null
stack at sp + 7 slots: 0x000001651e3ee5a8 points into unknown readable memory: 0x00007ffebba56ba0 | a0 6b a5 bb fe 7f 00 00

Lock stack of current Java thread (top to bottom):


---------------  P R O C E S S  ---------------

Threads class SMR info:
_java_thread_list=0x000001654676a650, length=14, elements={
0x000001651e3ee160, 0x00000165202623d0, 0x0000016540af0fe0, 0x0000016540af7100,
0x0000016520266f90, 0x0000016540afd850, 0x0000016540b1fee0, 0x000001652026ded0,
0x0000016540b234c0, 0x0000016540cddfe0, 0x0000016545002470, 0x00000165457d1140,
0x000001654674b1a0, 0x000001654512d940
}

Java Threads: ( => current thread )
=>0x000001651e3ee160 JavaThread "main"                              [_thread_in_native, id=78860, stack(0x0000000534d00000,0x0000000534e00000) (1024K)]
  0x00000165202623d0 JavaThread "Reference Handler"          daemon [_thread_blocked, id=73476, stack(0x0000000535500000,0x0000000535600000) (1024K)]
  0x0000016540af0fe0 JavaThread "Finalizer"                  daemon [_thread_blocked, id=74860, stack(0x0000000535600000,0x0000000535700000) (1024K)]
  0x0000016540af7100 JavaThread "Signal Dispatcher"          daemon [_thread_blocked, id=74496, stack(0x0000000535700000,0x0000000535800000) (1024K)]
  0x0000016520266f90 JavaThread "Attach Listener"            daemon [_thread_blocked, id=75724, stack(0x0000000535800000,0x0000000535900000) (1024K)]
  0x0000016540afd850 JavaThread "Service Thread"             daemon [_thread_blocked, id=79860, stack(0x0000000535900000,0x0000000535a00000) (1024K)]
  0x0000016540b1fee0 JavaThread "Monitor Deflation Thread"   daemon [_thread_blocked, id=39836, stack(0x0000000535a00000,0x0000000535b00000) (1024K)]
  0x000001652026ded0 JavaThread "C2 CompilerThread0"         daemon [_thread_blocked, id=7160, stack(0x0000000535b00000,0x0000000535c00000) (1024K)]
  0x0000016540b234c0 JavaThread "C1 CompilerThread0"         daemon [_thread_blocked, id=65420, stack(0x0000000535c00000,0x0000000535d00000) (1024K)]
  0x0000016540cddfe0 JavaThread "Common-Cleaner"             daemon [_thread_blocked, id=75264, stack(0x0000000535d00000,0x0000000535e00000) (1024K)]
  0x0000016545002470 JavaThread "Monitor Ctrl-Break"         daemon [_thread_in_native, id=72020, stack(0x0000000535e00000,0x0000000535f00000) (1024K)]
  0x00000165457d1140 JavaThread "JFR Recorder Thread"        daemon [_thread_in_native, id=80212, stack(0x0000000536000000,0x0000000536100000) (1024K)]
  0x000001654674b1a0 JavaThread "JFR Periodic Tasks"         daemon [_thread_blocked, id=72872, stack(0x0000000536200000,0x0000000536300000) (1024K)]
  0x000001654512d940 JavaThread "C2 CompilerThread1"         daemon [_thread_in_native, id=51584, stack(0x0000000535f00000,0x0000000536000000) (1024K)]
Total: 14

Other Threads:
  0x0000016520252420 VMThread "VM Thread"                           [id=79188, stack(0x0000000535400000,0x0000000535500000) (1024K)]
  0x00000165201fc0c0 WatcherThread "VM Periodic Task Thread"        [id=6952, stack(0x0000000535300000,0x0000000535400000) (1024K)]
  0x0000016520135540 WorkerThread "GC Thread#0"                     [id=79304, stack(0x0000000534e00000,0x0000000534f00000) (1024K)]
  0x000001652018d010 ConcurrentGCThread "G1 Main Marker"            [id=66212, stack(0x0000000534f00000,0x0000000535000000) (1024K)]
  0x0000016520190360 WorkerThread "G1 Conc#0"                       [id=77952, stack(0x0000000535000000,0x0000000535100000) (1024K)]
  0x00000165201f0fd0 ConcurrentGCThread "G1 Refine#0"               [id=76088, stack(0x0000000535100000,0x0000000535200000) (1024K)]
  0x00000165201f1be0 ConcurrentGCThread "G1 Service"                [id=69000, stack(0x0000000535200000,0x0000000535300000) (1024K)]
Total: 7

Threads with active compile tasks:
C2 CompilerThread1  1038 1162       4       jdk.jfr.internal.MetadataWriter::write (168 bytes)
Total: 1

VM state: not at safepoint (normal execution)

VM Mutex/Monitor currently owned by a thread: None

Heap address: 0x0000000704400000, size: 4028 MB, Compressed Oops mode: Zero based, Oop shift amount: 3

CDS archive(s) mapped at: [0x000000000e000000-0x000000000edd0000-0x000000000edd0000), size 14483456, SharedBaseAddress: 0x000000000e000000, ArchiveRelocationMode: 1.
Compressed class space mapped at: 0x000000000f000000-0x000000004f000000, reserved size: 1073741824
UseCompressedClassPointers 1, UseCompactObjectHeaders 0
Narrow klass pointer bits 32, Max shift 3
Narrow klass base: 0x000000000e000000, Narrow klass shift: 0
Encoding Range: [0x000000000e000000 - 0x000000010e000000), (4294967296 bytes)
Klass Range:    [0x000000000e010000 - 0x000000004f000000), (1090453504 bytes)
Klass ID Range:  [65536 - 1090519033) (1090453497)
Protection zone: [0x000000000e000000 - 0x000000000e010000), (65536 bytes)

GC Precious Log:
 CardTable entry size: 512
 Card Set container configuration: InlinePtr #cards 4 size 8 Array Of Cards #cards 16 size 48 Howl #buckets 8 coarsen threshold 3686 Howl Bitmap #cards 512 size 80 coarsen threshold 460 Card regions per heap region 1 cards per card region 4096
 CPUs: 12 total, 12 available
 Memory: 16107M
 Large Page Support: Disabled
 NUMA Support: Disabled
 Compressed Oops: Enabled (Zero based)
 Heap Region Size: 2M
 Heap Min Capacity: 8M
 Heap Initial Capacity: 252M
 Heap Max Capacity: 4028M
 Pre-touch: Disabled
 Parallel Workers: 10
 Concurrent Workers: 3
 Concurrent Refinement Workers: 10
 Periodic GC: Disabled

Heap:
 garbage-first heap   total reserved 4124672K, committed 260096K, used 17555K [0x0000000704400000, 0x0000000800000000)
  region size 2048K, 9 young (18432K), 0 survivors (0K)

Heap Regions: E=young(eden), S=young(survivor), O=old, HS=humongous(starts), HC=humongous(continues), CS=collection set, F=free, TAMS=top-at-mark-start, PB=parsable bottom
|   0|0x0000000704400000, 0x0000000704400000, 0x0000000704600000|  0%| F|  |TAMS 0x0000000704400000| PB 0x0000000704400000| Untracked |  0
|   1|0x0000000704600000, 0x0000000704600000, 0x0000000704800000|  0%| F|  |TAMS 0x0000000704600000| PB 0x0000000704600000| Untracked |  0
|   2|0x0000000704800000, 0x0000000704800000, 0x0000000704a00000|  0%| F|  |TAMS 0x0000000704800000| PB 0x0000000704800000| Untracked |  0
|   3|0x0000000704a00000, 0x0000000704a00000, 0x0000000704c00000|  0%| F|  |TAMS 0x0000000704a00000| PB 0x0000000704a00000| Untracked |  0
|   4|0x0000000704c00000, 0x0000000704c00000, 0x0000000704e00000|  0%| F|  |TAMS 0x0000000704c00000| PB 0x0000000704c00000| Untracked |  0
|   5|0x0000000704e00000, 0x0000000704e00000, 0x0000000705000000|  0%| F|  |TAMS 0x0000000704e00000| PB 0x0000000704e00000| Untracked |  0
|   6|0x0000000705000000, 0x0000000705000000, 0x0000000705200000|  0%| F|  |TAMS 0x0000000705000000| PB 0x0000000705000000| Untracked |  0
|   7|0x0000000705200000, 0x0000000705200000, 0x0000000705400000|  0%| F|  |TAMS 0x0000000705200000| PB 0x0000000705200000| Untracked |  0
|   8|0x0000000705400000, 0x0000000705400000, 0x0000000705600000|  0%| F|  |TAMS 0x0000000705400000| PB 0x0000000705400000| Untracked |  0
|   9|0x0000000705600000, 0x0000000705600000, 0x0000000705800000|  0%| F|  |TAMS 0x0000000705600000| PB 0x0000000705600000| Untracked |  0
|  10|0x0000000705800000, 0x0000000705800000, 0x0000000705a00000|  0%| F|  |TAMS 0x0000000705800000| PB 0x0000000705800000| Untracked |  0
|  11|0x0000000705a00000, 0x0000000705a00000, 0x0000000705c00000|  0%| F|  |TAMS 0x0000000705a00000| PB 0x0000000705a00000| Untracked |  0
|  12|0x0000000705c00000, 0x0000000705c00000, 0x0000000705e00000|  0%| F|  |TAMS 0x0000000705c00000| PB 0x0000000705c00000| Untracked |  0
|  13|0x0000000705e00000, 0x0000000705e00000, 0x0000000706000000|  0%| F|  |TAMS 0x0000000705e00000| PB 0x0000000705e00000| Untracked |  0
|  14|0x0000000706000000, 0x0000000706000000, 0x0000000706200000|  0%| F|  |TAMS 0x0000000706000000| PB 0x0000000706000000| Untracked |  0
|  15|0x0000000706200000, 0x0000000706200000, 0x0000000706400000|  0%| F|  |TAMS 0x0000000706200000| PB 0x0000000706200000| Untracked |  0
|  16|0x0000000706400000, 0x0000000706400000, 0x0000000706600000|  0%| F|  |TAMS 0x0000000706400000| PB 0x0000000706400000| Untracked |  0
|  17|0x0000000706600000, 0x0000000706600000, 0x0000000706800000|  0%| F|  |TAMS 0x0000000706600000| PB 0x0000000706600000| Untracked |  0
|  18|0x0000000706800000, 0x0000000706800000, 0x0000000706a00000|  0%| F|  |TAMS 0x0000000706800000| PB 0x0000000706800000| Untracked |  0
|  19|0x0000000706a00000, 0x0000000706a00000, 0x0000000706c00000|  0%| F|  |TAMS 0x0000000706a00000| PB 0x0000000706a00000| Untracked |  0
|  20|0x0000000706c00000, 0x0000000706c00000, 0x0000000706e00000|  0%| F|  |TAMS 0x0000000706c00000| PB 0x0000000706c00000| Untracked |  0
|  21|0x0000000706e00000, 0x0000000706e00000, 0x0000000707000000|  0%| F|  |TAMS 0x0000000706e00000| PB 0x0000000706e00000| Untracked |  0
|  22|0x0000000707000000, 0x0000000707000000, 0x0000000707200000|  0%| F|  |TAMS 0x0000000707000000| PB 0x0000000707000000| Untracked |  0
|  23|0x0000000707200000, 0x0000000707200000, 0x0000000707400000|  0%| F|  |TAMS 0x0000000707200000| PB 0x0000000707200000| Untracked |  0
|  24|0x0000000707400000, 0x0000000707400000, 0x0000000707600000|  0%| F|  |TAMS 0x0000000707400000| PB 0x0000000707400000| Untracked |  0
|  25|0x0000000707600000, 0x0000000707600000, 0x0000000707800000|  0%| F|  |TAMS 0x0000000707600000| PB 0x0000000707600000| Untracked |  0
|  26|0x0000000707800000, 0x0000000707800000, 0x0000000707a00000|  0%| F|  |TAMS 0x0000000707800000| PB 0x0000000707800000| Untracked |  0
|  27|0x0000000707a00000, 0x0000000707a00000, 0x0000000707c00000|  0%| F|  |TAMS 0x0000000707a00000| PB 0x0000000707a00000| Untracked |  0
|  28|0x0000000707c00000, 0x0000000707c00000, 0x0000000707e00000|  0%| F|  |TAMS 0x0000000707c00000| PB 0x0000000707c00000| Untracked |  0
|  29|0x0000000707e00000, 0x0000000707e00000, 0x0000000708000000|  0%| F|  |TAMS 0x0000000707e00000| PB 0x0000000707e00000| Untracked |  0
|  30|0x0000000708000000, 0x0000000708000000, 0x0000000708200000|  0%| F|  |TAMS 0x0000000708000000| PB 0x0000000708000000| Untracked |  0
|  31|0x0000000708200000, 0x0000000708200000, 0x0000000708400000|  0%| F|  |TAMS 0x0000000708200000| PB 0x0000000708200000| Untracked |  0
|  32|0x0000000708400000, 0x0000000708400000, 0x0000000708600000|  0%| F|  |TAMS 0x0000000708400000| PB 0x0000000708400000| Untracked |  0
|  33|0x0000000708600000, 0x0000000708600000, 0x0000000708800000|  0%| F|  |TAMS 0x0000000708600000| PB 0x0000000708600000| Untracked |  0
|  34|0x0000000708800000, 0x0000000708800000, 0x0000000708a00000|  0%| F|  |TAMS 0x0000000708800000| PB 0x0000000708800000| Untracked |  0
|  35|0x0000000708a00000, 0x0000000708a00000, 0x0000000708c00000|  0%| F|  |TAMS 0x0000000708a00000| PB 0x0000000708a00000| Untracked |  0
|  36|0x0000000708c00000, 0x0000000708c00000, 0x0000000708e00000|  0%| F|  |TAMS 0x0000000708c00000| PB 0x0000000708c00000| Untracked |  0
|  37|0x0000000708e00000, 0x0000000708e00000, 0x0000000709000000|  0%| F|  |TAMS 0x0000000708e00000| PB 0x0000000708e00000| Untracked |  0
|  38|0x0000000709000000, 0x0000000709000000, 0x0000000709200000|  0%| F|  |TAMS 0x0000000709000000| PB 0x0000000709000000| Untracked |  0
|  39|0x0000000709200000, 0x0000000709200000, 0x0000000709400000|  0%| F|  |TAMS 0x0000000709200000| PB 0x0000000709200000| Untracked |  0
|  40|0x0000000709400000, 0x0000000709400000, 0x0000000709600000|  0%| F|  |TAMS 0x0000000709400000| PB 0x0000000709400000| Untracked |  0
|  41|0x0000000709600000, 0x0000000709600000, 0x0000000709800000|  0%| F|  |TAMS 0x0000000709600000| PB 0x0000000709600000| Untracked |  0
|  42|0x0000000709800000, 0x0000000709800000, 0x0000000709a00000|  0%| F|  |TAMS 0x0000000709800000| PB 0x0000000709800000| Untracked |  0
|  43|0x0000000709a00000, 0x0000000709a00000, 0x0000000709c00000|  0%| F|  |TAMS 0x0000000709a00000| PB 0x0000000709a00000| Untracked |  0
|  44|0x0000000709c00000, 0x0000000709c00000, 0x0000000709e00000|  0%| F|  |TAMS 0x0000000709c00000| PB 0x0000000709c00000| Untracked |  0
|  45|0x0000000709e00000, 0x0000000709e00000, 0x000000070a000000|  0%| F|  |TAMS 0x0000000709e00000| PB 0x0000000709e00000| Untracked |  0
|  46|0x000000070a000000, 0x000000070a000000, 0x000000070a200000|  0%| F|  |TAMS 0x000000070a000000| PB 0x000000070a000000| Untracked |  0
|  47|0x000000070a200000, 0x000000070a200000, 0x000000070a400000|  0%| F|  |TAMS 0x000000070a200000| PB 0x000000070a200000| Untracked |  0
|  48|0x000000070a400000, 0x000000070a400000, 0x000000070a600000|  0%| F|  |TAMS 0x000000070a400000| PB 0x000000070a400000| Untracked |  0
|  49|0x000000070a600000, 0x000000070a600000, 0x000000070a800000|  0%| F|  |TAMS 0x000000070a600000| PB 0x000000070a600000| Untracked |  0
|  50|0x000000070a800000, 0x000000070a800000, 0x000000070aa00000|  0%| F|  |TAMS 0x000000070a800000| PB 0x000000070a800000| Untracked |  0
|  51|0x000000070aa00000, 0x000000070aa00000, 0x000000070ac00000|  0%| F|  |TAMS 0x000000070aa00000| PB 0x000000070aa00000| Untracked |  0
|  52|0x000000070ac00000, 0x000000070ac00000, 0x000000070ae00000|  0%| F|  |TAMS 0x000000070ac00000| PB 0x000000070ac00000| Untracked |  0
|  53|0x000000070ae00000, 0x000000070ae00000, 0x000000070b000000|  0%| F|  |TAMS 0x000000070ae00000| PB 0x000000070ae00000| Untracked |  0
|  54|0x000000070b000000, 0x000000070b000000, 0x000000070b200000|  0%| F|  |TAMS 0x000000070b000000| PB 0x000000070b000000| Untracked |  0
|  55|0x000000070b200000, 0x000000070b200000, 0x000000070b400000|  0%| F|  |TAMS 0x000000070b200000| PB 0x000000070b200000| Untracked |  0
|  56|0x000000070b400000, 0x000000070b400000, 0x000000070b600000|  0%| F|  |TAMS 0x000000070b400000| PB 0x000000070b400000| Untracked |  0
|  57|0x000000070b600000, 0x000000070b600000, 0x000000070b800000|  0%| F|  |TAMS 0x000000070b600000| PB 0x000000070b600000| Untracked |  0
|  58|0x000000070b800000, 0x000000070b800000, 0x000000070ba00000|  0%| F|  |TAMS 0x000000070b800000| PB 0x000000070b800000| Untracked |  0
|  59|0x000000070ba00000, 0x000000070ba00000, 0x000000070bc00000|  0%| F|  |TAMS 0x000000070ba00000| PB 0x000000070ba00000| Untracked |  0
|  60|0x000000070bc00000, 0x000000070bc00000, 0x000000070be00000|  0%| F|  |TAMS 0x000000070bc00000| PB 0x000000070bc00000| Untracked |  0
|  61|0x000000070be00000, 0x000000070be00000, 0x000000070c000000|  0%| F|  |TAMS 0x000000070be00000| PB 0x000000070be00000| Untracked |  0
|  62|0x000000070c000000, 0x000000070c000000, 0x000000070c200000|  0%| F|  |TAMS 0x000000070c000000| PB 0x000000070c000000| Untracked |  0
|  63|0x000000070c200000, 0x000000070c200000, 0x000000070c400000|  0%| F|  |TAMS 0x000000070c200000| PB 0x000000070c200000| Untracked |  0
|  64|0x000000070c400000, 0x000000070c400000, 0x000000070c600000|  0%| F|  |TAMS 0x000000070c400000| PB 0x000000070c400000| Untracked |  0
|  65|0x000000070c600000, 0x000000070c600000, 0x000000070c800000|  0%| F|  |TAMS 0x000000070c600000| PB 0x000000070c600000| Untracked |  0
|  66|0x000000070c800000, 0x000000070c800000, 0x000000070ca00000|  0%| F|  |TAMS 0x000000070c800000| PB 0x000000070c800000| Untracked |  0
|  67|0x000000070ca00000, 0x000000070ca00000, 0x000000070cc00000|  0%| F|  |TAMS 0x000000070ca00000| PB 0x000000070ca00000| Untracked |  0
|  68|0x000000070cc00000, 0x000000070cc00000, 0x000000070ce00000|  0%| F|  |TAMS 0x000000070cc00000| PB 0x000000070cc00000| Untracked |  0
|  69|0x000000070ce00000, 0x000000070ce00000, 0x000000070d000000|  0%| F|  |TAMS 0x000000070ce00000| PB 0x000000070ce00000| Untracked |  0
|  70|0x000000070d000000, 0x000000070d000000, 0x000000070d200000|  0%| F|  |TAMS 0x000000070d000000| PB 0x000000070d000000| Untracked |  0
|  71|0x000000070d200000, 0x000000070d200000, 0x000000070d400000|  0%| F|  |TAMS 0x000000070d200000| PB 0x000000070d200000| Untracked |  0
|  72|0x000000070d400000, 0x000000070d400000, 0x000000070d600000|  0%| F|  |TAMS 0x000000070d400000| PB 0x000000070d400000| Untracked |  0
|  73|0x000000070d600000, 0x000000070d600000, 0x000000070d800000|  0%| F|  |TAMS 0x000000070d600000| PB 0x000000070d600000| Untracked |  0
|  74|0x000000070d800000, 0x000000070d800000, 0x000000070da00000|  0%| F|  |TAMS 0x000000070d800000| PB 0x000000070d800000| Untracked |  0
|  75|0x000000070da00000, 0x000000070da00000, 0x000000070dc00000|  0%| F|  |TAMS 0x000000070da00000| PB 0x000000070da00000| Untracked |  0
|  76|0x000000070dc00000, 0x000000070dc00000, 0x000000070de00000|  0%| F|  |TAMS 0x000000070dc00000| PB 0x000000070dc00000| Untracked |  0
|  77|0x000000070de00000, 0x000000070de00000, 0x000000070e000000|  0%| F|  |TAMS 0x000000070de00000| PB 0x000000070de00000| Untracked |  0
|  78|0x000000070e000000, 0x000000070e000000, 0x000000070e200000|  0%| F|  |TAMS 0x000000070e000000| PB 0x000000070e000000| Untracked |  0
|  79|0x000000070e200000, 0x000000070e200000, 0x000000070e400000|  0%| F|  |TAMS 0x000000070e200000| PB 0x000000070e200000| Untracked |  0
|  80|0x000000070e400000, 0x000000070e400000, 0x000000070e600000|  0%| F|  |TAMS 0x000000070e400000| PB 0x000000070e400000| Untracked |  0
|  81|0x000000070e600000, 0x000000070e600000, 0x000000070e800000|  0%| F|  |TAMS 0x000000070e600000| PB 0x000000070e600000| Untracked |  0
|  82|0x000000070e800000, 0x000000070e800000, 0x000000070ea00000|  0%| F|  |TAMS 0x000000070e800000| PB 0x000000070e800000| Untracked |  0
|  83|0x000000070ea00000, 0x000000070ea00000, 0x000000070ec00000|  0%| F|  |TAMS 0x000000070ea00000| PB 0x000000070ea00000| Untracked |  0
|  84|0x000000070ec00000, 0x000000070ec00000, 0x000000070ee00000|  0%| F|  |TAMS 0x000000070ec00000| PB 0x000000070ec00000| Untracked |  0
|  85|0x000000070ee00000, 0x000000070ee00000, 0x000000070f000000|  0%| F|  |TAMS 0x000000070ee00000| PB 0x000000070ee00000| Untracked |  0
|  86|0x000000070f000000, 0x000000070f000000, 0x000000070f200000|  0%| F|  |TAMS 0x000000070f000000| PB 0x000000070f000000| Untracked |  0
|  87|0x000000070f200000, 0x000000070f200000, 0x000000070f400000|  0%| F|  |TAMS 0x000000070f200000| PB 0x000000070f200000| Untracked |  0
|  88|0x000000070f400000, 0x000000070f400000, 0x000000070f600000|  0%| F|  |TAMS 0x000000070f400000| PB 0x000000070f400000| Untracked |  0
|  89|0x000000070f600000, 0x000000070f600000, 0x000000070f800000|  0%| F|  |TAMS 0x000000070f600000| PB 0x000000070f600000| Untracked |  0
|  90|0x000000070f800000, 0x000000070f800000, 0x000000070fa00000|  0%| F|  |TAMS 0x000000070f800000| PB 0x000000070f800000| Untracked |  0
|  91|0x000000070fa00000, 0x000000070fa00000, 0x000000070fc00000|  0%| F|  |TAMS 0x000000070fa00000| PB 0x000000070fa00000| Untracked |  0
|  92|0x000000070fc00000, 0x000000070fc00000, 0x000000070fe00000|  0%| F|  |TAMS 0x000000070fc00000| PB 0x000000070fc00000| Untracked |  0
|  93|0x000000070fe00000, 0x000000070fe00000, 0x0000000710000000|  0%| F|  |TAMS 0x000000070fe00000| PB 0x000000070fe00000| Untracked |  0
|  94|0x0000000710000000, 0x0000000710000000, 0x0000000710200000|  0%| F|  |TAMS 0x0000000710000000| PB 0x0000000710000000| Untracked |  0
|  95|0x0000000710200000, 0x0000000710200000, 0x0000000710400000|  0%| F|  |TAMS 0x0000000710200000| PB 0x0000000710200000| Untracked |  0
|  96|0x0000000710400000, 0x0000000710400000, 0x0000000710600000|  0%| F|  |TAMS 0x0000000710400000| PB 0x0000000710400000| Untracked |  0
|  97|0x0000000710600000, 0x0000000710600000, 0x0000000710800000|  0%| F|  |TAMS 0x0000000710600000| PB 0x0000000710600000| Untracked |  0
|  98|0x0000000710800000, 0x0000000710800000, 0x0000000710a00000|  0%| F|  |TAMS 0x0000000710800000| PB 0x0000000710800000| Untracked |  0
|  99|0x0000000710a00000, 0x0000000710a00000, 0x0000000710c00000|  0%| F|  |TAMS 0x0000000710a00000| PB 0x0000000710a00000| Untracked |  0
| 100|0x0000000710c00000, 0x0000000710c00000, 0x0000000710e00000|  0%| F|  |TAMS 0x0000000710c00000| PB 0x0000000710c00000| Untracked |  0
| 101|0x0000000710e00000, 0x0000000710e00000, 0x0000000711000000|  0%| F|  |TAMS 0x0000000710e00000| PB 0x0000000710e00000| Untracked |  0
| 102|0x0000000711000000, 0x0000000711000000, 0x0000000711200000|  0%| F|  |TAMS 0x0000000711000000| PB 0x0000000711000000| Untracked |  0
| 103|0x0000000711200000, 0x0000000711200000, 0x0000000711400000|  0%| F|  |TAMS 0x0000000711200000| PB 0x0000000711200000| Untracked |  0
| 104|0x0000000711400000, 0x0000000711400000, 0x0000000711600000|  0%| F|  |TAMS 0x0000000711400000| PB 0x0000000711400000| Untracked |  0
| 105|0x0000000711600000, 0x0000000711600000, 0x0000000711800000|  0%| F|  |TAMS 0x0000000711600000| PB 0x0000000711600000| Untracked |  0
| 106|0x0000000711800000, 0x0000000711800000, 0x0000000711a00000|  0%| F|  |TAMS 0x0000000711800000| PB 0x0000000711800000| Untracked |  0
| 107|0x0000000711a00000, 0x0000000711a00000, 0x0000000711c00000|  0%| F|  |TAMS 0x0000000711a00000| PB 0x0000000711a00000| Untracked |  0
| 108|0x0000000711c00000, 0x0000000711c00000, 0x0000000711e00000|  0%| F|  |TAMS 0x0000000711c00000| PB 0x0000000711c00000| Untracked |  0
| 109|0x0000000711e00000, 0x0000000711e00000, 0x0000000712000000|  0%| F|  |TAMS 0x0000000711e00000| PB 0x0000000711e00000| Untracked |  0
| 110|0x0000000712000000, 0x0000000712000000, 0x0000000712200000|  0%| F|  |TAMS 0x0000000712000000| PB 0x0000000712000000| Untracked |  0
| 111|0x0000000712200000, 0x0000000712200000, 0x0000000712400000|  0%| F|  |TAMS 0x0000000712200000| PB 0x0000000712200000| Untracked |  0
| 112|0x0000000712400000, 0x0000000712400000, 0x0000000712600000|  0%| F|  |TAMS 0x0000000712400000| PB 0x0000000712400000| Untracked |  0
| 113|0x0000000712600000, 0x0000000712600000, 0x0000000712800000|  0%| F|  |TAMS 0x0000000712600000| PB 0x0000000712600000| Untracked |  0
| 114|0x0000000712800000, 0x0000000712800000, 0x0000000712a00000|  0%| F|  |TAMS 0x0000000712800000| PB 0x0000000712800000| Untracked |  0
| 115|0x0000000712a00000, 0x0000000712a00000, 0x0000000712c00000|  0%| F|  |TAMS 0x0000000712a00000| PB 0x0000000712a00000| Untracked |  0
| 116|0x0000000712c00000, 0x0000000712c00000, 0x0000000712e00000|  0%| F|  |TAMS 0x0000000712c00000| PB 0x0000000712c00000| Untracked |  0
| 117|0x0000000712e00000, 0x0000000713000000, 0x0000000713000000|100%| E|  |TAMS 0x0000000712e00000| PB 0x0000000712e00000| Complete |  0
| 118|0x0000000713000000, 0x0000000713200000, 0x0000000713200000|100%| E|CS|TAMS 0x0000000713000000| PB 0x0000000713000000| Complete |  0
| 119|0x0000000713200000, 0x0000000713400000, 0x0000000713400000|100%| E|CS|TAMS 0x0000000713200000| PB 0x0000000713200000| Complete |  0
| 120|0x0000000713400000, 0x0000000713600000, 0x0000000713600000|100%| E|CS|TAMS 0x0000000713400000| PB 0x0000000713400000| Complete |  0
| 121|0x0000000713600000, 0x0000000713800000, 0x0000000713800000|100%| E|CS|TAMS 0x0000000713600000| PB 0x0000000713600000| Complete |  0
| 122|0x0000000713800000, 0x0000000713a00000, 0x0000000713a00000|100%| E|CS|TAMS 0x0000000713800000| PB 0x0000000713800000| Complete |  0
| 123|0x0000000713a00000, 0x0000000713c00000, 0x0000000713c00000|100%| E|CS|TAMS 0x0000000713a00000| PB 0x0000000713a00000| Complete |  0
| 124|0x0000000713c00000, 0x0000000713e00000, 0x0000000713e00000|100%| E|CS|TAMS 0x0000000713c00000| PB 0x0000000713c00000| Complete |  0
| 125|0x0000000713e00000, 0x0000000714000000, 0x0000000714000000|100%| E|CS|TAMS 0x0000000713e00000| PB 0x0000000713e00000| Complete |  0
|2013|0x00000007ffe00000, 0x00000007fff24ea8, 0x0000000800000000| 57%| O|  |TAMS 0x00000007ffe00000| PB 0x00000007ffe00000| Untracked |  0

Card table byte_map: [0x0000016539800000,0x0000016539fe0000] _byte_map_base: 0x0000016535fde000

Marking Bits: (CMBitMap*) 0x0000016520135cd0
 Bits: [0x0000016539fe0000, 0x000001653ded0000)

Polling page: 0x000001651e4e0000

Metaspace:
Metaspace        used 3286K, committed 3392K, reserved 1114112K
 class space     used 331K, committed 384K, reserved 1048576K

Usage:
  Non-class:      2.89 MB used.
      Class:    331.12 KB used.
       Both:      3.21 MB used.

Virtual space:
  Non-class space:       64.00 MB reserved,       2.94 MB (  5%) committed,  1 nodes.
      Class space:        1.00 GB reserved,     384.00 KB ( <1%) committed,  1 nodes.
             Both:        1.06 GB reserved,       3.31 MB ( <1%) committed. 

Chunk freelists:
   Non-Class:  11.94 MB
       Class:  15.60 MB
        Both:  27.54 MB

MaxMetaspaceSize: unlimited
CompressedClassSpaceSize: 1.00 GB
Initial GC threshold: 21.00 MB
Current GC threshold: 21.00 MB
CDS: on
 - commit_granule_bytes: 65536.
 - commit_granule_words: 8192.
 - virtual_space_node_default_size: 8388608.
 - enlarge_chunks_in_place: 1.
UseCompressedClassPointers 1, UseCompactObjectHeaders 0
Narrow klass pointer bits 32, Max shift 3
Narrow klass base: 0x000000000e000000, Narrow klass shift: 0
Encoding Range: [0x000000000e000000 - 0x000000010e000000), (4294967296 bytes)
Klass Range:    [0x000000000e010000 - 0x000000004f000000), (1090453504 bytes)
Klass ID Range:  [65536 - 1090519033) (1090453497)
Protection zone: [0x000000000e000000 - 0x000000000e010000), (65536 bytes)


Internal statistics:

num_allocs_failed_limit: 0.
num_arena_births: 50.
num_arena_deaths: 0.
num_vsnodes_births: 2.
num_vsnodes_deaths: 0.
num_space_committed: 53.
num_space_uncommitted: 0.
num_chunks_returned_to_freelist: 0.
num_chunks_taken_from_freelist: 53.
num_chunk_merges: 0.
num_chunk_splits: 38.
num_chunks_enlarged: 23.
num_inconsistent_stats: 0.

CodeHeap 'non-profiled nmethods': size=120064Kb used=375Kb max_used=375Kb free=119688Kb
 bounds [0x0000016531140000, 0x00000165313b0000, 0x0000016538680000]
CodeHeap 'profiled nmethods': size=120000Kb used=1508Kb max_used=1508Kb free=118491Kb
 bounds [0x0000016529680000, 0x00000165298f0000, 0x0000016530bb0000]
CodeHeap 'non-nmethods': size=5696Kb used=1342Kb max_used=1384Kb free=4353Kb
 bounds [0x0000016530bb0000, 0x0000016530e20000, 0x0000016531140000]
CodeCache: size=245760Kb, used=3225Kb, max_used=3267Kb, free=242532Kb
 total_blobs=1665, nmethods=1192, adapters=377, full_count=0
Compilation: enabled, stopped_count=0, restarted_count=0

Compilation events (20 events):
Event: 0.563 Thread 0x0000016540b234c0 nmethod 1186 0x000001653119c108 code [0x000001653119c200, 0x000001653119c2c8]
Event: 0.563 Thread 0x0000016540b234c0 1187       1       jdk.jfr.internal.EventControl::getSettingsId (5 bytes)
Event: 0.563 Thread 0x0000016540b234c0 nmethod 1187 0x000001653119c408 code [0x000001653119c500, 0x000001653119c5c8]
Event: 0.563 Thread 0x0000016540b234c0 1188       1       jdk.jfr.internal.EventControl::getNamedControls (5 bytes)
Event: 0.563 Thread 0x0000016540b234c0 nmethod 1188 0x000001653119c708 code [0x000001653119c800, 0x000001653119c8c8]
Event: 0.563 Thread 0x0000016540b234c0 1189       3       java.lang.String::endsWith (15 bytes)
Event: 0.564 Thread 0x0000016540b234c0 nmethod 1189 0x00000165297f7188 code [0x00000165297f7280, 0x00000165297f7830]
Event: 0.564 Thread 0x0000016540b234c0 1190       3       java.lang.StringLatin1::getChar (9 bytes)
Event: 0.564 Thread 0x0000016540b234c0 nmethod 1190 0x00000165297f7888 code [0x00000165297f7980, 0x00000165297f7aa0]
Event: 0.566 Thread 0x0000016540b234c0 1191   !   3       jdk.jfr.internal.Control::setValue (69 bytes)
Event: 0.567 Thread 0x0000016540b234c0 nmethod 1191 0x00000165297f7b88 code [0x00000165297f7c80, 0x00000165297f8b38]
Event: 0.567 Thread 0x0000016540b234c0 1192       3       jdk.jfr.internal.SettingsManager$InternalSetting::getValues (35 bytes)
Event: 0.568 Thread 0x0000016540b234c0 nmethod 1192 0x00000165297f8b88 code [0x00000165297f8c80, 0x00000165297f9150]
Event: 0.571 Thread 0x000001652026ded0 nmethod 1174 0x000001653119ca08 code [0x000001653119cb00, 0x000001653119d070]
Event: 0.571 Thread 0x000001652026ded0 1176       4       java.util.HashMap$HashIterator::nextNode (100 bytes)
Event: 0.572 Thread 0x0000016540b234c0 1193       1       jdk.jfr.internal.periodic.EventTask::getEventType (5 bytes)
Event: 0.572 Thread 0x0000016540b234c0 nmethod 1193 0x000001653119d088 code [0x000001653119d180, 0x000001653119d248]
Event: 0.572 Thread 0x0000016540b234c0 1194       1       jdk.jfr.internal.periodic.PeriodicTask::getPeriod (5 bytes)
Event: 0.572 Thread 0x0000016540b234c0 nmethod 1194 0x000001653119d388 code [0x000001653119d480, 0x000001653119d548]
Event: 0.575 Thread 0x000001652026ded0 nmethod 1176 0x000001653119d688 code [0x000001653119d780, 0x000001653119dd88]

GC Heap Usage History (0 events):
No events

Metaspace Usage History (0 events):
No events

Dll operation events (8 events):
Event: 0.020 Loaded shared library D:\IDEA\jdk-25.0.2\bin\java.dll
Event: 0.070 Loaded shared library D:\IDEA\jdk-25.0.2\bin\zip.dll
Event: 0.075 Loaded shared library D:\IDEA\jdk-25.0.2\bin\instrument.dll
Event: 0.079 Loaded shared library D:\IDEA\jdk-25.0.2\bin\net.dll
Event: 0.081 Loaded shared library D:\IDEA\jdk-25.0.2\bin\nio.dll
Event: 0.085 Loaded shared library D:\IDEA\jdk-25.0.2\bin\zip.dll
Event: 0.106 Loaded shared library D:\IDEA\jdk-25.0.2\bin\extnet.dll
Event: 0.137 Loaded shared library D:\IDEA\jdk-25.0.2\bin\jimage.dll

Deoptimization events (20 events):
Event: 0.289 Thread 0x000001651e3ee160 Uncommon trap: trap_request=0xffffffde fr.pc=0x000001653118481c relative=0x000000000000071c
Event: 0.289 Thread 0x000001651e3ee160 Uncommon trap: reason=class_check action=maybe_recompile pc=0x000001653118481c method=java.util.HashMap.putVal(ILjava/lang/Object;Ljava/lang/Object;ZZ)Ljava/lang/Object; @ 253 c2
Event: 0.289 Thread 0x000001651e3ee160 DEOPT PACKING pc=0x000001653118481c sp=0x0000000534dfdc90
Event: 0.289 Thread 0x000001651e3ee160 DEOPT UNPACKING pc=0x0000016530cd2682 sp=0x0000000534dfdc30 mode 2
Event: 0.292 Thread 0x000001651e3ee160 Uncommon trap: trap_request=0xffffff45 fr.pc=0x0000016531183e68 relative=0x00000000000000e8
Event: 0.292 Thread 0x000001651e3ee160 Uncommon trap: reason=unstable_if action=reinterpret pc=0x0000016531183e68 method=jdk.jfr.internal.Type.getKnownType(Ljava/lang/Class;)Ljdk/jfr/internal/Type; @ 47 c2
Event: 0.292 Thread 0x000001651e3ee160 DEOPT PACKING pc=0x0000016531183e68 sp=0x0000000534dfdf30
Event: 0.292 Thread 0x000001651e3ee160 DEOPT UNPACKING pc=0x0000016530cd2682 sp=0x0000000534dfded8 mode 2
Event: 0.508 Thread 0x000001651e3ee160 Uncommon trap: trap_request=0xffffff45 fr.pc=0x000001653118c170 relative=0x00000000000000f0
Event: 0.508 Thread 0x000001651e3ee160 Uncommon trap: reason=unstable_if action=reinterpret pc=0x000001653118c170 method=java.lang.Long.valueOf(J)Ljava/lang/Long; @ 17 c2
Event: 0.508 Thread 0x000001651e3ee160 DEOPT PACKING pc=0x000001653118c170 sp=0x0000000534dfe130
Event: 0.508 Thread 0x000001651e3ee160 DEOPT UNPACKING pc=0x0000016530cd2682 sp=0x0000000534dfe0c8 mode 2
Event: 0.534 Thread 0x000001651e3ee160 Uncommon trap: trap_request=0xffffff45 fr.pc=0x0000016531195c98 relative=0x0000000000000218
Event: 0.534 Thread 0x000001651e3ee160 Uncommon trap: reason=unstable_if action=reinterpret pc=0x0000016531195c98 method=java.io.ByteArrayOutputStream.ensureCapacity(I)V @ 11 c2
Event: 0.534 Thread 0x000001651e3ee160 DEOPT PACKING pc=0x0000016531195c98 sp=0x0000000534dfe0f0
Event: 0.534 Thread 0x000001651e3ee160 DEOPT UNPACKING pc=0x0000016530cd2682 sp=0x0000000534dfe038 mode 2
Event: 0.541 Thread 0x000001651e3ee160 Uncommon trap: trap_request=0xffffff45 fr.pc=0x00000165311970b8 relative=0x0000000000000638
Event: 0.541 Thread 0x000001651e3ee160 Uncommon trap: reason=unstable_if action=reinterpret pc=0x00000165311970b8 method=java.io.ByteArrayOutputStream.ensureCapacity(I)V @ 11 c2
Event: 0.541 Thread 0x000001651e3ee160 DEOPT PACKING pc=0x00000165311970b8 sp=0x0000000534dfdfc0
Event: 0.541 Thread 0x000001651e3ee160 DEOPT UNPACKING pc=0x0000016530cd2682 sp=0x0000000534dfde50 mode 2

Classes loaded (20 events):
Event: 0.546 Loading class jdk/jfr/internal/consumer/RepositoryFiles
Event: 0.548 Loading class jdk/jfr/internal/consumer/RepositoryFiles done
Event: 0.553 Loading class jdk/jfr/internal/SettingsManager$InternalSetting
Event: 0.554 Loading class jdk/jfr/internal/SettingsManager$InternalSetting done
Event: 0.558 Loading class jdk/jfr/internal/util/Rate
Event: 0.558 Loading class jdk/jfr/internal/util/Rate done
Event: 0.558 Loading class jdk/jfr/internal/util/TimespanUnit
Event: 0.558 Loading class jdk/jfr/internal/util/TimespanUnit done
Event: 0.559 Loading class jdk/jfr/internal/util/ValueParser
Event: 0.559 Loading class jdk/jfr/internal/util/ValueParser done
Event: 0.560 Loading class jdk/jfr/internal/util/TimespanRate
Event: 0.560 Loading class jdk/jfr/internal/util/TimespanRate done
Event: 0.564 Loading class java/util/TreeSet
Event: 0.565 Loading class java/util/TreeSet done
Event: 0.565 Loading class java/util/TreeMap$KeySet
Event: 0.565 Loading class java/util/TreeMap$KeySet done
Event: 0.566 Loading class java/util/TreeMap$KeyIterator
Event: 0.566 Loading class java/util/TreeMap$KeyIterator done
Event: 0.567 Loading class jdk/jfr/internal/periodic/PeriodicType
Event: 0.568 Loading class jdk/jfr/internal/periodic/PeriodicType done

Classes unloaded (0 events):
No events

Classes redefined (0 events):
No events

Internal exceptions (15 events):
Event: 0.086 Thread 0x000001651e3ee160 Exception <a 'java/lang/NoSuchMethodError'{0x0000000713c73228}: 'void java.lang.invoke.DirectMethodHandle$Holder.invokeStatic(java.lang.Object, java.lang.Object, java.lang.Object)'> (0x0000000713c73228) 
thrown [s\open\src\hotspot\share\interpreter\linkResolver.cpp, line 804]
Event: 0.090 Thread 0x000001651e3ee160 Exception <a 'java/lang/NoSuchMethodError'{0x0000000713ca80c0}: 'java.lang.Object java.lang.invoke.Invokers$Holder.invokeExact_MT(java.lang.Object, java.lang.Object, java.lang.Object, java.lang.Object, java.lang.Object)'> (0x0000000713ca80c0) 
thrown [s\open\src\hotspot\share\interpreter\linkResolver.cpp, line 804]
Event: 0.104 Thread 0x0000016545002470 Exception <a 'java/lang/NoSuchMethodError'{0x0000000713df8d58}: 'java.lang.Object java.lang.invoke.DirectMethodHandle$Holder.invokeStaticInit(java.lang.Object)'> (0x0000000713df8d58) 
thrown [s\open\src\hotspot\share\interpreter\linkResolver.cpp, line 804]
Event: 0.109 Thread 0x0000016545002470 Exception <a 'java/lang/NoSuchMethodError'{0x0000000713a03f10}: 'void java.lang.invoke.DirectMethodHandle$Holder.invokeStatic(java.lang.Object, java.lang.Object)'> (0x0000000713a03f10) 
thrown [s\open\src\hotspot\share\interpreter\linkResolver.cpp, line 804]
Event: 0.153 Thread 0x000001651e3ee160 Exception <a 'java/lang/NoSuchMethodError'{0x0000000713840c08}: 'void java.lang.invoke.DirectMethodHandle$Holder.invokeStaticInit(java.lang.Object)'> (0x0000000713840c08) 
thrown [s\open\src\hotspot\share\interpreter\linkResolver.cpp, line 804]
Event: 0.168 Thread 0x000001651e3ee160 Exception <a 'java/lang/NoSuchMethodError'{0x00000007138b08e0}: 'void java.lang.invoke.DirectMethodHandle$Holder.invokeSpecial(java.lang.Object, java.lang.Object, java.lang.Object)'> (0x00000007138b08e0) 
thrown [s\open\src\hotspot\share\interpreter\linkResolver.cpp, line 804]
Event: 0.181 Thread 0x000001651e3ee160 Exception <a 'java/lang/NoSuchMethodError'{0x00000007139188a8}: 'java.lang.Object java.lang.invoke.DirectMethodHandle$Holder.newInvokeSpecial(java.lang.Object, java.lang.Object, java.lang.Object, java.lang.Object, java.lang.Object)'> (0x00000007139188a8) 
thrown [s\open\src\hotspot\share\interpreter\linkResolver.cpp, line 804]
Event: 0.228 Thread 0x000001651e3ee160 Exception <a 'java/lang/NoSuchMethodError'{0x00000007136a7d18}: 'long java.lang.invoke.DirectMethodHandle$Holder.invokeVirtual(java.lang.Object, java.lang.Object)'> (0x00000007136a7d18) 
thrown [s\open\src\hotspot\share\interpreter\linkResolver.cpp, line 804]
Event: 0.230 Thread 0x000001651e3ee160 Exception <a 'java/lang/NoSuchMethodError'{0x00000007136b7458}: 'int java.lang.invoke.DirectMethodHandle$Holder.invokeStatic(java.lang.Object, java.lang.Object, java.lang.Object, java.lang.Object)'> (0x00000007136b7458) 
thrown [s\open\src\hotspot\share\interpreter\linkResolver.cpp, line 804]
Event: 0.361 Thread 0x000001651e3ee160 Exception <a 'java/lang/NoSuchMethodError'{0x00000007132e0728}: 'void java.lang.invoke.DirectMethodHandle$Holder.invokeSpecial(java.lang.Object, java.lang.Object, int)'> (0x00000007132e0728) 
thrown [s\open\src\hotspot\share\interpreter\linkResolver.cpp, line 804]
Event: 0.362 Thread 0x000001651e3ee160 Exception <a 'java/lang/NoSuchMethodError'{0x00000007132e8380}: 'void java.lang.invoke.Invokers$Holder.invokeExact_MT(java.lang.Object, int, java.lang.Object)'> (0x00000007132e8380) 
thrown [s\open\src\hotspot\share\interpreter\linkResolver.cpp, line 804]
Event: 0.365 Thread 0x000001654674b1a0 Exception <a 'java/lang/NoSuchMethodError'{0x00000007133f0d90}: 'long java.lang.invoke.DirectMethodHandle$Holder.invokeSpecial(java.lang.Object, java.lang.Object)'> (0x00000007133f0d90) 
thrown [s\open\src\hotspot\share\interpreter\linkResolver.cpp, line 804]
Event: 0.369 Thread 0x000001651e3ee160 Exception <a 'sun/nio/fs/WindowsException'{0x0000000713310700}> (0x0000000713310700) 
thrown [s\open\src\hotspot\share\prims\jni.cpp, line 516]
Event: 0.392 Thread 0x000001651e3ee160 Exception <a 'sun/nio/fs/WindowsException'{0x0000000713316130}> (0x0000000713316130) 
thrown [s\open\src\hotspot\share\prims\jni.cpp, line 516]
Event: 0.500 Thread 0x000001651e3ee160 Exception <a 'sun/nio/fs/WindowsException'{0x0000000713318c98}> (0x0000000713318c98) 
thrown [s\open\src\hotspot\share\prims\jni.cpp, line 516]

VM Operations (8 events):
Event: 0.114 Executing non-safepoint VM operation: HandshakeAllThreads (Deoptimize)
Event: 0.114 Executing non-safepoint VM operation: HandshakeAllThreads (Deoptimize) done
Event: 0.366 Executing non-safepoint VM operation: HandshakeAllThreads (Deoptimize)
Event: 0.366 Executing non-safepoint VM operation: HandshakeAllThreads (Deoptimize) done
Event: 0.367 Executing non-safepoint VM operation: HandshakeAllThreads (Deoptimize)
Event: 0.367 Executing non-safepoint VM operation: HandshakeAllThreads (Deoptimize) done
Event: 0.549 Executing safepoint VM operation: JFRSafepointClear
Event: 0.549 Executing safepoint VM operation: JFRSafepointClear done

Memory protections (0 events):
No events

Nmethod flushes (0 events):
No events

Events (18 events):
Event: 0.033 Thread 0x000001651e3ee160 Thread added: 0x000001651e3ee160
Event: 0.046 Thread 0x000001651e3ee160 Thread added: 0x00000165202623d0
Event: 0.046 Thread 0x000001651e3ee160 Thread added: 0x0000016540af0fe0
Event: 0.046 Thread 0x000001651e3ee160 Thread added: 0x0000016540af7100
Event: 0.046 Thread 0x000001651e3ee160 Thread added: 0x0000016520266f90
Event: 0.046 Thread 0x000001651e3ee160 Thread added: 0x0000016540afd850
Event: 0.046 Thread 0x000001651e3ee160 Thread added: 0x0000016540b1fee0
Event: 0.046 Thread 0x000001651e3ee160 Thread added: 0x000001652026ded0
Event: 0.046 Thread 0x000001651e3ee160 Thread added: 0x0000016540b234c0
Event: 0.077 Thread 0x000001651e3ee160 Thread added: 0x0000016540cddfe0
Event: 0.092 Thread 0x000001651e3ee160 Thread added: 0x0000016545002470
Event: 0.119 Thread 0x0000016540b234c0 Thread added: 0x0000016545130190
Event: 0.150 Thread 0x000001651e3ee160 Thread added: 0x00000165457d1140
Event: 0.243 Thread 0x0000016540b234c0 Thread added: 0x000001654512d940
Event: 0.364 Thread 0x000001651e3ee160 Thread added: 0x000001654674b1a0
Event: 0.467 Thread 0x000001654512d940 Thread exited: 0x000001654512d940
Event: 0.483 Thread 0x0000016545130190 Thread exited: 0x0000016545130190
Event: 0.529 Thread 0x0000016540b234c0 Thread added: 0x000001654512d940


Dynamic libraries:
0x00007ff7ca550000 - 0x00007ff7ca55e000 	D:\IDEA\jdk-25.0.2\bin\java.exe
0x00007fff51200000 - 0x00007fff51468000 	C:\Windows\SYSTEM32\ntdll.dll
0x00007fff4f7b0000 - 0x00007fff4f879000 	C:\Windows\System32\KERNEL32.DLL
0x00007fff4e4f0000 - 0x00007fff4e8e2000 	C:\Windows\System32\KERNELBASE.dll
0x00007fff4ee80000 - 0x00007fff4efcb000 	C:\Windows\System32\ucrtbase.dll
0x00007fff482f0000 - 0x00007fff48307000 	D:\IDEA\jdk-25.0.2\bin\jli.dll
0x00007fff299d0000 - 0x00007fff299ee000 	D:\IDEA\jdk-25.0.2\bin\VCRUNTIME140.dll
0x00007fff506a0000 - 0x00007fff50865000 	C:\Windows\System32\USER32.dll
0x00007fff4ea20000 - 0x00007fff4ea47000 	C:\Windows\System32\win32u.dll
0x00007fff4f9d0000 - 0x00007fff4f9fb000 	C:\Windows\System32\GDI32.dll
0x00007fff4e8f0000 - 0x00007fff4ea1d000 	C:\Windows\System32\gdi32full.dll
0x00007fff4ec50000 - 0x00007fff4ecf3000 	C:\Windows\System32\msvcp_win.dll
0x00007fff2a510000 - 0x00007fff2a7a3000 	C:\Windows\WinSxS\amd64_microsoft.windows.common-controls_6595b64144ccf1df_6.0.26100.6899_none_3e0efeeae32e88c1\COMCTL32.dll
0x00007fff50e50000 - 0x00007fff50ef9000 	C:\Windows\System32\msvcrt.dll
0x00007fff50bf0000 - 0x00007fff50c1f000 	C:\Windows\System32\IMM32.DLL
0x00007fff39c80000 - 0x00007fff39c8c000 	D:\IDEA\jdk-25.0.2\bin\vcruntime140_1.dll
0x00007fff10c70000 - 0x00007fff10cfd000 	D:\IDEA\jdk-25.0.2\bin\msvcp140.dll
0x00007ffebad70000 - 0x00007ffebbbcf000 	D:\IDEA\jdk-25.0.2\bin\server\jvm.dll
0x00007fff50d90000 - 0x00007fff50e44000 	C:\Windows\System32\ADVAPI32.dll
0x00007fff50f00000 - 0x00007fff50fa6000 	C:\Windows\System32\sechost.dll
0x00007fff4f8b0000 - 0x00007fff4f9c8000 	C:\Windows\System32\RPCRT4.dll
0x00007fff50c30000 - 0x00007fff50ca4000 	C:\Windows\System32\WS2_32.dll
0x00007fff4e1f0000 - 0x00007fff4e24e000 	C:\Windows\SYSTEM32\POWRPROF.dll
0x00007fff39d10000 - 0x00007fff39d1b000 	C:\Windows\SYSTEM32\VERSION.dll
0x00007fff45bf0000 - 0x00007fff45c25000 	C:\Windows\SYSTEM32\WINMM.dll
0x00007fff4e1d0000 - 0x00007fff4e1e4000 	C:\Windows\SYSTEM32\UMPDC.dll
0x00007fff4d120000 - 0x00007fff4d13b000 	C:\Windows\SYSTEM32\kernel.appcore.dll
0x00007fff386d0000 - 0x00007fff386da000 	D:\IDEA\jdk-25.0.2\bin\jimage.dll
0x00007fff4b8e0000 - 0x00007fff4bb22000 	C:\Windows\SYSTEM32\DBGHELP.DLL
0x00007fff50870000 - 0x00007fff50beb000 	C:\Windows\System32\combase.dll
0x00007fff50cb0000 - 0x00007fff50d87000 	C:\Windows\System32\OLEAUT32.dll
0x00007fff2e9d0000 - 0x00007fff2ea0c000 	C:\Windows\SYSTEM32\dbgcore.DLL
0x00007fff4e390000 - 0x00007fff4e428000 	C:\Windows\System32\bcryptPrimitives.dll
0x00007fff374c0000 - 0x00007fff374d0000 	D:\IDEA\jdk-25.0.2\bin\instrument.dll
0x00007fff297c0000 - 0x00007fff297df000 	D:\IDEA\jdk-25.0.2\bin\java.dll
0x00007fff4f320000 - 0x00007fff4f4b8000 	C:\Windows\System32\ole32.dll
0x00007fff4fe90000 - 0x00007fff505dd000 	C:\Windows\System32\SHELL32.dll
0x00007fff4eae0000 - 0x00007fff4ec4b000 	C:\Windows\System32\wintypes.dll
0x00007ffefd330000 - 0x00007ffefd528000 	C:\Users\202507018\AppData\Local\Temp\idea_libasyncProfiler_dll_temp_folder2\libasyncProfiler.dll
0x00007fff4bd90000 - 0x00007fff4c5ed000 	C:\Windows\SYSTEM32\windows.storage.dll
0x00007fff4f4c0000 - 0x00007fff4f5b2000 	C:\Windows\System32\SHCORE.dll
0x00007fff4f740000 - 0x00007fff4f7a2000 	C:\Windows\System32\shlwapi.dll
0x00007fff4e2b0000 - 0x00007fff4e2d9000 	C:\Windows\SYSTEM32\profapi.dll
0x00007fff284d0000 - 0x00007fff284e7000 	D:\IDEA\jdk-25.0.2\bin\zip.dll
0x00007fff29780000 - 0x00007fff29792000 	D:\IDEA\jdk-25.0.2\bin\net.dll
0x00007fff4d670000 - 0x00007fff4d6db000 	C:\Windows\system32\mswsock.dll
0x00007fff287b0000 - 0x00007fff287c6000 	D:\IDEA\jdk-25.0.2\bin\nio.dll
0x00007fff2a8f0000 - 0x00007fff2a8f9000 	D:\IDEA\jdk-25.0.2\bin\extnet.dll

JVMTI agents:
D:\IDEA\IntelliJ IDEA 2025.1.1.1\lib\idea_rt.jar path:D:\IDEA\jdk-25.0.2\bin\instrument.dll, loaded, initialized, instrumentlib options:52603
C:\Users\202507018\AppData\Local\Temp\idea_libasyncProfiler_dll_temp_folder2\libasyncProfiler.dll path:C:\Users\202507018\AppData\Local\Temp\idea_libasyncProfiler_dll_temp_folder2\libasyncProfiler.dll, loaded, initialized, options:start,jfr,event=wall,interval=10ms,jfrsync=profile,cstack=no,file=C:\Users\202507018\IdeaSnapshots\Test1_2026_03_09_142320.jfr,dbghelppath=C:\Users\202507018\AppData\Local\Temp\idea_dbghelp_dll_temp_folder\dbghelp.dll,log=C:\Users\202507018\AppData\Local\Temp\Test1_2026_03_09_142320.jfr.log.txt,logLevel=DEBUG

dbghelp: loaded successfully - version: 4.0.5 - missing functions: none
symbol engine: initialized successfully - sym options: 0x614 - pdb path: .;D:\IDEA\jdk-25.0.2\bin;C:\Windows\SYSTEM32;C:\Windows\WinSxS\amd64_microsoft.windows.common-controls_6595b64144ccf1df_6.0.26100.6899_none_3e0efeeae32e88c1;D:\IDEA\jdk-25.0.2\bin\server;C:\Users\202507018\AppData\Local\Temp\idea_libasyncProfiler_dll_temp_folder2

VM Arguments:
jvm_args: -javaagent:D:\IDEA\IntelliJ IDEA 2025.1.1.1\lib\idea_rt.jar=52603 -agentpath:C:\Users\202507018\AppData\Local\Temp\idea_libasyncProfiler_dll_temp_folder2\libasyncProfiler.dll=start,jfr,event=wall,interval=10ms,jfrsync=profile,cstack=no,file=C:\Users\202507018\IdeaSnapshots\Test1_2026_03_09_142320.jfr,dbghelppath=C:\Users\202507018\AppData\Local\Temp\idea_dbghelp_dll_temp_folder\dbghelp.dll,log=C:\Users\202507018\AppData\Local\Temp\Test1_2026_03_09_142320.jfr.log.txt,logLevel=DEBUG -Dfile.encoding=UTF-8 -Dsun.stdout.encoding=UTF-8 -Dsun.stderr.encoding=UTF-8 
java_command: com.liaoying.a05stringdemo.Test1
java_class_path (initial): E:\api-string\out\production\api-string
Launcher Type: SUN_STANDARD

[Global flags]
     intx CICompilerCount                          = 4                                         {product} {ergonomic}
     uint ConcGCThreads                            = 3                                         {product} {ergonomic}
     bool FlightRecorder                           = true                                      {product} {management}
     uint G1ConcRefinementThreads                  = 10                                        {product} {ergonomic}
   size_t G1HeapRegionSize                         = 2097152                                   {product} {ergonomic}
   size_t InitialHeapSize                          = 264241152                                 {product} {ergonomic}
   size_t MarkStackSize                            = 4194304                                   {product} {ergonomic}
   size_t MarkStackSizeMax                         = 536870912                                 {product} {ergonomic}
   size_t MaxHeapSize                              = 4223664128                                {product} {ergonomic}
   size_t MaxNewSize                               = 2533359616                                {product} {ergonomic}
   size_t MinHeapDeltaBytes                        = 2097152                                   {product} {ergonomic}
   size_t MinHeapSize                              = 8388608                                   {product} {ergonomic}
    uintx NonNMethodCodeHeapSize                   = 5832704                                {pd product} {ergonomic}
    uintx NonProfiledCodeHeapSize                  = 122945536                              {pd product} {ergonomic}
    uintx ProfiledCodeHeapSize                     = 122880000                              {pd product} {ergonomic}
    uintx ReservedCodeCacheSize                    = 251658240                              {pd product} {ergonomic}
     bool SegmentedCodeCache                       = true                                      {product} {ergonomic}
   size_t SoftMaxHeapSize                          = 4223664128                             {manageable} {ergonomic}
     bool UseCompressedOops                        = true                           {product lp64_product} {ergonomic}
     bool UseG1GC                                  = true                                      {product} {ergonomic}
     bool UseLargePagesIndividualAllocation        = false                                  {pd product} {ergonomic}

Logging:
Log output configuration:
 #0: stdout all=warning uptime,level,tags foldmultilines=false
 #1: stderr all=off uptime,level,tags foldmultilines=false

Release file:
<release file has not been read>
Environment Variables:
JAVA_HOME=D:\IDEA\jdk-25.0.2
PATH=C:\Windows\system32;C:\Windows;C:\Windows\System32\Wbem;C:\Windows\System32\WindowsPowerShell\v1.0\;C:\Windows\System32\OpenSSH\;C:\Program Files\dotnet\;D:\PTC\Proe_5.0\bin;D:\IDEA\jdk-25.0.2\bin;D:\IDEA\jdk-25.0.2\jre\bin;C:\Users\202507018\AppData\Local\Microsoft\WindowsApps;
USERNAME=202507018
LANG=chs
OS=Windows_NT
PROCESSOR_IDENTIFIER=Intel64 Family 6 Model 186 Stepping 2, GenuineIntel
TMP=C:\Users\202507~1\AppData\Local\Temp
TEMP=C:\Users\202507~1\AppData\Local\Temp




Compilation memory statistics disabled.

Periodic native trim disabled

---------------  S Y S T E M  ---------------

OS:
 Windows 11 , 64 bit Build 26100 (10.0.26100.6725)
OS uptime: 10 days 5:42 hours
Hyper-V role detected

CPU: total 12 (initial active 12) (6 cores per cpu, 2 threads per core) family 6 model 186 stepping 2 microcode 0x4128, cx8, cmov, fxsr, ht, mmx, 3dnowpref, sse, sse2, sse3, ssse3, sse4.1, sse4.2, popcnt, lzcnt, tsc, tscinvbit, avx, avx2, aes, erms, clmul, bmi1, bmi2, adx, sha, fma, vzeroupper, clflush, clflushopt, clwb, hv, serialize, rdtscp, rdpid, fsrm, gfni, f16c, cet_ibt, cet_ss
Processor Information for processor 0
  Max Mhz: 2100, Current Mhz: 2100, Mhz Limit: 2100
Processor Information for processor 1
  Max Mhz: 2100, Current Mhz: 2100, Mhz Limit: 2100
Processor Information for processor 2
  Max Mhz: 2100, Current Mhz: 2100, Mhz Limit: 2100
Processor Information for processor 3
  Max Mhz: 2100, Current Mhz: 2100, Mhz Limit: 2100
Processor Information for processor 4
  Max Mhz: 2100, Current Mhz: 2100, Mhz Limit: 2100
Processor Information for processor 5
  Max Mhz: 2100, Current Mhz: 2100, Mhz Limit: 2100
Processor Information for processor 6
  Max Mhz: 2100, Current Mhz: 2100, Mhz Limit: 2100
Processor Information for processor 7
  Max Mhz: 2100, Current Mhz: 2100, Mhz Limit: 2100
Processor Information for processor 8
  Max Mhz: 2100, Current Mhz: 1500, Mhz Limit: 1491
Processor Information for processor 9
  Max Mhz: 2100, Current Mhz: 1500, Mhz Limit: 1491
Processor Information for processor 10
  Max Mhz: 2100, Current Mhz: 1500, Mhz Limit: 1491
Processor Information for processor 11
  Max Mhz: 2100, Current Mhz: 1500, Mhz Limit: 1491

Memory: 4k page, system-wide physical 16107M (2376M free)
TotalPageFile size 26347M (AvailPageFile size 7050M)
current process WorkingSet (physical memory assigned to process): 92M, peak: 92M
current process commit charge ("private bytes"): 401M, peak: 401M

vm_info: OpenJDK 64-Bit Server VM (25.0.2+10-69) for windows-amd64 JRE (25.0.2+10-69), built on 2025-12-18T11:36:35Z with MS VC++ 17.13 (VS2022)

END.
